<?xml version="1.0" encoding="UTF-8"?>
<testng-results ignored="0" total="1" passed="1" failed="0" skipped="0">
  <reporter-output>
  </reporter-output>
  <suite started-at="2022-06-20T17:31:03 IST" name="Default suite" finished-at="2022-06-20T17:31:20 IST" duration-ms="17599">
    <groups>
    </groups>
    <test started-at="2022-06-20T17:31:03 IST" name="Default test" finished-at="2022-06-20T17:31:20 IST" duration-ms="17599">
      <class name="testcases.testScript">
        <test-method is-config="true" signature="setUp()[pri:0, instance:testcases.testScript@253b380a]" started-at="2022-06-20T17:31:03 IST" name="setUp" finished-at="2022-06-20T17:31:14 IST" duration-ms="11353" status="PASS">
          <reporter-output>
          </reporter-output>
        </test-method> <!-- setUp -->
        <test-method signature="Search()[pri:1, instance:testcases.testScript@253b380a]" started-at="2022-06-20T17:31:14 IST" name="Search" description="valid_login_with_valid credential" finished-at="2022-06-20T17:31:20 IST" duration-ms="5823" status="PASS">
          <reporter-output>
          </reporter-output>
        </test-method> <!-- Search -->
        <test-method is-config="true" signature="aftertest()[pri:0, instance:testcases.testScript@253b380a]" started-at="2022-06-20T17:31:20 IST" name="aftertest" finished-at="2022-06-20T17:31:20 IST" duration-ms="215" status="PASS">
          <reporter-output>
          </reporter-output>
        </test-method> <!-- aftertest -->
      </class> <!-- testcases.testScript -->
    </test> <!-- Default test -->
  </suite> <!-- Default suite -->
</testng-results>
